<?xml version="1.0" encoding="UTF-8"?>
<testsuite xmlns:xsi="http://www.w3.org/2001/XMLSchema-instance" xsi:noNamespaceSchemaLocation="https://maven.apache.org/surefire/maven-surefire-plugin/xsd/surefire-test-report.xsd" name="testRunner.TestRunner" time="18.079" tests="1" errors="0" skipped="0" failures="0">
  <properties>
    <property name="gopherProxySet" value="false"/>
    <property name="awt.toolkit" value="sun.lwawt.macosx.LWCToolkit"/>
    <property name="java.specification.version" value="11"/>
    <property name="sun.cpu.isalist" value=""/>
    <property name="sun.jnu.encoding" value="UTF-8"/>
    <property name="java.class.path" value="/Users/dinob/Desktop/java-learning/selenium-cucumber-eclipse/nopCommerce_Cucumber/target/test-classes:/Users/dinob/Desktop/java-learning/selenium-cucumber-eclipse/nopCommerce_Cucumber/target/classes:/Users/dinob/.m2/repository/io/cucumber/cucumber-core/4.4.0/cucumber-core-4.4.0.jar:/Users/dinob/.m2/repository/io/cucumber/tag-expressions/1.1.1/tag-expressions-1.1.1.jar:/Users/dinob/.m2/repository/io/cucumber/cucumber-expressions/7.0.2/cucumber-expressions-7.0.2.jar:/Users/dinob/.m2/repository/io/cucumber/datatable/1.1.14/datatable-1.1.14.jar:/Users/dinob/.m2/repository/io/cucumber/datatable-dependencies/1.1.14/datatable-dependencies-1.1.14.jar:/Users/dinob/.m2/repository/io/cucumber/cucumber-html/0.2.7/cucumber-html-0.2.7.jar:/Users/dinob/.m2/repository/net/sourceforge/cobertura/cobertura/2.1.1/cobertura-2.1.1.jar:/Users/dinob/.m2/repository/org/ow2/asm/asm/5.0.1/asm-5.0.1.jar:/Users/dinob/.m2/repository/org/ow2/asm/asm-tree/5.0.1/asm-tree-5.0.1.jar:/Users/dinob/.m2/repository/org/ow2/asm/asm-commons/5.0.1/asm-commons-5.0.1.jar:/Users/dinob/.m2/repository/org/ow2/asm/asm-util/5.0.1/asm-util-5.0.1.jar:/Users/dinob/.m2/repository/org/ow2/asm/asm-analysis/5.0.1/asm-analysis-5.0.1.jar:/Users/dinob/.m2/repository/oro/oro/2.0.8/oro-2.0.8.jar:/Users/dinob/.m2/repository/jaxen/jaxen/1.1.4/jaxen-1.1.4.jar:/Users/dinob/.m2/repository/org/apache/ant/ant/1.8.3/ant-1.8.3.jar:/Users/dinob/.m2/repository/org/apache/ant/ant-launcher/1.8.3/ant-launcher-1.8.3.jar:/Users/dinob/.m2/repository/org/apache/ant/ant-junit/1.8.3/ant-junit-1.8.3.jar:/Users/dinob/.m2/repository/org/mortbay/jetty/servlet-api-2.5/6.1.14/servlet-api-2.5-6.1.14.jar:/Users/dinob/.m2/repository/org/mortbay/jetty/jetty/6.1.14/jetty-6.1.14.jar:/Users/dinob/.m2/repository/org/mortbay/jetty/jetty-util/6.1.14/jetty-util-6.1.14.jar:/Users/dinob/.m2/repository/org/slf4j/slf4j-api/1.7.5/slf4j-api-1.7.5.jar:/Users/dinob/.m2/repository/ch/qos/logback/logback-classic/1.0.13/logback-classic-1.0.13.jar:/Users/dinob/.m2/repository/ch/qos/logback/logback-core/1.0.13/logback-core-1.0.13.jar:/Users/dinob/.m2/repository/org/apache/commons/commons-lang3/3.3.2/commons-lang3-3.3.2.jar:/Users/dinob/.m2/repository/io/cucumber/cucumber-java/4.4.0/cucumber-java-4.4.0.jar:/Users/dinob/.m2/repository/io/cucumber/cucumber-junit/4.4.0/cucumber-junit-4.4.0.jar:/Users/dinob/.m2/repository/io/cucumber/cucumber-jvm-deps/1.0.6/cucumber-jvm-deps-1.0.6.jar:/Users/dinob/.m2/repository/net/masterthought/cucumber-reporting/4.7.0/cucumber-reporting-4.7.0.jar:/Users/dinob/.m2/repository/com/fasterxml/jackson/core/jackson-databind/2.9.8/jackson-databind-2.9.8.jar:/Users/dinob/.m2/repository/com/fasterxml/jackson/core/jackson-annotations/2.9.0/jackson-annotations-2.9.0.jar:/Users/dinob/.m2/repository/com/fasterxml/jackson/core/jackson-core/2.9.8/jackson-core-2.9.8.jar:/Users/dinob/.m2/repository/org/apache/velocity/velocity/1.7/velocity-1.7.jar:/Users/dinob/.m2/repository/commons-collections/commons-collections/3.2.1/commons-collections-3.2.1.jar:/Users/dinob/.m2/repository/commons-lang/commons-lang/2.4/commons-lang-2.4.jar:/Users/dinob/.m2/repository/velocity-tools/velocity-tools/1.4/velocity-tools-1.4.jar:/Users/dinob/.m2/repository/joda-time/joda-time/2.10.1/joda-time-2.10.1.jar:/Users/dinob/.m2/repository/commons-io/commons-io/2.6/commons-io-2.6.jar:/Users/dinob/.m2/repository/org/codehaus/plexus/plexus-utils/3.1.1/plexus-utils-3.1.1.jar:/Users/dinob/.m2/repository/org/jsoup/jsoup/1.11.3/jsoup-1.11.3.jar:/Users/dinob/.m2/repository/com/googlecode/owasp-java-html-sanitizer/owasp-java-html-sanitizer/20190325.1/owasp-java-html-sanitizer-20190325.1.jar:/Users/dinob/.m2/repository/commons-configuration/commons-configuration/1.10/commons-configuration-1.10.jar:/Users/dinob/.m2/repository/commons-logging/commons-logging/1.1.1/commons-logging-1.1.1.jar:/Users/dinob/.m2/repository/org/hamcrest/hamcrest-core/2.1/hamcrest-core-2.1.jar:/Users/dinob/.m2/repository/org/hamcrest/hamcrest/2.1/hamcrest-2.1.jar:/Users/dinob/.m2/repository/io/cucumber/gherkin/5.1.0/gherkin-5.1.0.jar:/Users/dinob/.m2/repository/io/cucumber/gherkin-jvm-deps/1.0.4/gherkin-jvm-deps-1.0.4.jar:/Users/dinob/.m2/repository/org/seleniumhq/selenium/selenium-java/3.141.59/selenium-java-3.141.59.jar:/Users/dinob/.m2/repository/org/seleniumhq/selenium/selenium-api/3.141.59/selenium-api-3.141.59.jar:/Users/dinob/.m2/repository/org/seleniumhq/selenium/selenium-chrome-driver/3.141.59/selenium-chrome-driver-3.141.59.jar:/Users/dinob/.m2/repository/org/seleniumhq/selenium/selenium-edge-driver/3.141.59/selenium-edge-driver-3.141.59.jar:/Users/dinob/.m2/repository/org/seleniumhq/selenium/selenium-firefox-driver/3.141.59/selenium-firefox-driver-3.141.59.jar:/Users/dinob/.m2/repository/org/seleniumhq/selenium/selenium-ie-driver/3.141.59/selenium-ie-driver-3.141.59.jar:/Users/dinob/.m2/repository/org/seleniumhq/selenium/selenium-opera-driver/3.141.59/selenium-opera-driver-3.141.59.jar:/Users/dinob/.m2/repository/org/seleniumhq/selenium/selenium-remote-driver/3.141.59/selenium-remote-driver-3.141.59.jar:/Users/dinob/.m2/repository/org/seleniumhq/selenium/selenium-safari-driver/3.141.59/selenium-safari-driver-3.141.59.jar:/Users/dinob/.m2/repository/org/seleniumhq/selenium/selenium-support/3.141.59/selenium-support-3.141.59.jar:/Users/dinob/.m2/repository/net/bytebuddy/byte-buddy/1.8.15/byte-buddy-1.8.15.jar:/Users/dinob/.m2/repository/org/apache/commons/commons-exec/1.3/commons-exec-1.3.jar:/Users/dinob/.m2/repository/com/google/guava/guava/25.0-jre/guava-25.0-jre.jar:/Users/dinob/.m2/repository/com/google/code/findbugs/jsr305/1.3.9/jsr305-1.3.9.jar:/Users/dinob/.m2/repository/org/checkerframework/checker-compat-qual/2.0.0/checker-compat-qual-2.0.0.jar:/Users/dinob/.m2/repository/com/google/errorprone/error_prone_annotations/2.1.3/error_prone_annotations-2.1.3.jar:/Users/dinob/.m2/repository/com/google/j2objc/j2objc-annotations/1.1/j2objc-annotations-1.1.jar:/Users/dinob/.m2/repository/org/codehaus/mojo/animal-sniffer-annotations/1.14/animal-sniffer-annotations-1.14.jar:/Users/dinob/.m2/repository/com/squareup/okhttp3/okhttp/3.11.0/okhttp-3.11.0.jar:/Users/dinob/.m2/repository/com/squareup/okio/okio/1.14.0/okio-1.14.0.jar:/Users/dinob/.m2/repository/junit/junit/4.12/junit-4.12.jar:/Library/Java/JavaVirtualMachines/jdk-11.0.8.jdk/Contents/Home/lib/tools.jar:/Users/dinob/.m2/repository/log4j/log4j/1.2.17/log4j-1.2.17.jar:"/>
    <property name="java.vm.vendor" value="Oracle Corporation"/>
    <property name="sun.arch.data.model" value="64"/>
    <property name="java.vendor.url" value="https://openjdk.java.net/"/>
    <property name="user.timezone" value=""/>
    <property name="java.vm.specification.version" value="11"/>
    <property name="os.name" value="Mac OS X"/>
    <property name="sun.java.launcher" value="SUN_STANDARD"/>
    <property name="user.country" value="CA"/>
    <property name="sun.boot.library.path" value="/Library/Java/JavaVirtualMachines/jdk-11.0.8.jdk/Contents/Home/lib"/>
    <property name="sun.java.command" value="/Users/dinob/Desktop/java-learning/selenium-cucumber-eclipse/nopCommerce_Cucumber/target/surefire/surefirebooter10478287315572318603.jar /Users/dinob/Desktop/java-learning/selenium-cucumber-eclipse/nopCommerce_Cucumber/target/surefire 2021-02-21T18-42-20_085-jvmRun1 surefire4218489269819321961tmp surefire_013749761483853439895tmp"/>
    <property name="http.nonProxyHosts" value="local|*.local|169.254/16|*.169.254/16"/>
    <property name="jdk.debug" value="release"/>
    <property name="surefire.test.class.path" value="/Users/dinob/Desktop/java-learning/selenium-cucumber-eclipse/nopCommerce_Cucumber/target/test-classes:/Users/dinob/Desktop/java-learning/selenium-cucumber-eclipse/nopCommerce_Cucumber/target/classes:/Users/dinob/.m2/repository/io/cucumber/cucumber-core/4.4.0/cucumber-core-4.4.0.jar:/Users/dinob/.m2/repository/io/cucumber/tag-expressions/1.1.1/tag-expressions-1.1.1.jar:/Users/dinob/.m2/repository/io/cucumber/cucumber-expressions/7.0.2/cucumber-expressions-7.0.2.jar:/Users/dinob/.m2/repository/io/cucumber/datatable/1.1.14/datatable-1.1.14.jar:/Users/dinob/.m2/repository/io/cucumber/datatable-dependencies/1.1.14/datatable-dependencies-1.1.14.jar:/Users/dinob/.m2/repository/io/cucumber/cucumber-html/0.2.7/cucumber-html-0.2.7.jar:/Users/dinob/.m2/repository/net/sourceforge/cobertura/cobertura/2.1.1/cobertura-2.1.1.jar:/Users/dinob/.m2/repository/org/ow2/asm/asm/5.0.1/asm-5.0.1.jar:/Users/dinob/.m2/repository/org/ow2/asm/asm-tree/5.0.1/asm-tree-5.0.1.jar:/Users/dinob/.m2/repository/org/ow2/asm/asm-commons/5.0.1/asm-commons-5.0.1.jar:/Users/dinob/.m2/repository/org/ow2/asm/asm-util/5.0.1/asm-util-5.0.1.jar:/Users/dinob/.m2/repository/org/ow2/asm/asm-analysis/5.0.1/asm-analysis-5.0.1.jar:/Users/dinob/.m2/repository/oro/oro/2.0.8/oro-2.0.8.jar:/Users/dinob/.m2/repository/jaxen/jaxen/1.1.4/jaxen-1.1.4.jar:/Users/dinob/.m2/repository/org/apache/ant/ant/1.8.3/ant-1.8.3.jar:/Users/dinob/.m2/repository/org/apache/ant/ant-launcher/1.8.3/ant-launcher-1.8.3.jar:/Users/dinob/.m2/repository/org/apache/ant/ant-junit/1.8.3/ant-junit-1.8.3.jar:/Users/dinob/.m2/repository/org/mortbay/jetty/servlet-api-2.5/6.1.14/servlet-api-2.5-6.1.14.jar:/Users/dinob/.m2/repository/org/mortbay/jetty/jetty/6.1.14/jetty-6.1.14.jar:/Users/dinob/.m2/repository/org/mortbay/jetty/jetty-util/6.1.14/jetty-util-6.1.14.jar:/Users/dinob/.m2/repository/org/slf4j/slf4j-api/1.7.5/slf4j-api-1.7.5.jar:/Users/dinob/.m2/repository/ch/qos/logback/logback-classic/1.0.13/logback-classic-1.0.13.jar:/Users/dinob/.m2/repository/ch/qos/logback/logback-core/1.0.13/logback-core-1.0.13.jar:/Users/dinob/.m2/repository/org/apache/commons/commons-lang3/3.3.2/commons-lang3-3.3.2.jar:/Users/dinob/.m2/repository/io/cucumber/cucumber-java/4.4.0/cucumber-java-4.4.0.jar:/Users/dinob/.m2/repository/io/cucumber/cucumber-junit/4.4.0/cucumber-junit-4.4.0.jar:/Users/dinob/.m2/repository/io/cucumber/cucumber-jvm-deps/1.0.6/cucumber-jvm-deps-1.0.6.jar:/Users/dinob/.m2/repository/net/masterthought/cucumber-reporting/4.7.0/cucumber-reporting-4.7.0.jar:/Users/dinob/.m2/repository/com/fasterxml/jackson/core/jackson-databind/2.9.8/jackson-databind-2.9.8.jar:/Users/dinob/.m2/repository/com/fasterxml/jackson/core/jackson-annotations/2.9.0/jackson-annotations-2.9.0.jar:/Users/dinob/.m2/repository/com/fasterxml/jackson/core/jackson-core/2.9.8/jackson-core-2.9.8.jar:/Users/dinob/.m2/repository/org/apache/velocity/velocity/1.7/velocity-1.7.jar:/Users/dinob/.m2/repository/commons-collections/commons-collections/3.2.1/commons-collections-3.2.1.jar:/Users/dinob/.m2/repository/commons-lang/commons-lang/2.4/commons-lang-2.4.jar:/Users/dinob/.m2/repository/velocity-tools/velocity-tools/1.4/velocity-tools-1.4.jar:/Users/dinob/.m2/repository/joda-time/joda-time/2.10.1/joda-time-2.10.1.jar:/Users/dinob/.m2/repository/commons-io/commons-io/2.6/commons-io-2.6.jar:/Users/dinob/.m2/repository/org/codehaus/plexus/plexus-utils/3.1.1/plexus-utils-3.1.1.jar:/Users/dinob/.m2/repository/org/jsoup/jsoup/1.11.3/jsoup-1.11.3.jar:/Users/dinob/.m2/repository/com/googlecode/owasp-java-html-sanitizer/owasp-java-html-sanitizer/20190325.1/owasp-java-html-sanitizer-20190325.1.jar:/Users/dinob/.m2/repository/commons-configuration/commons-configuration/1.10/commons-configuration-1.10.jar:/Users/dinob/.m2/repository/commons-logging/commons-logging/1.1.1/commons-logging-1.1.1.jar:/Users/dinob/.m2/repository/org/hamcrest/hamcrest-core/2.1/hamcrest-core-2.1.jar:/Users/dinob/.m2/repository/org/hamcrest/hamcrest/2.1/hamcrest-2.1.jar:/Users/dinob/.m2/repository/io/cucumber/gherkin/5.1.0/gherkin-5.1.0.jar:/Users/dinob/.m2/repository/io/cucumber/gherkin-jvm-deps/1.0.4/gherkin-jvm-deps-1.0.4.jar:/Users/dinob/.m2/repository/org/seleniumhq/selenium/selenium-java/3.141.59/selenium-java-3.141.59.jar:/Users/dinob/.m2/repository/org/seleniumhq/selenium/selenium-api/3.141.59/selenium-api-3.141.59.jar:/Users/dinob/.m2/repository/org/seleniumhq/selenium/selenium-chrome-driver/3.141.59/selenium-chrome-driver-3.141.59.jar:/Users/dinob/.m2/repository/org/seleniumhq/selenium/selenium-edge-driver/3.141.59/selenium-edge-driver-3.141.59.jar:/Users/dinob/.m2/repository/org/seleniumhq/selenium/selenium-firefox-driver/3.141.59/selenium-firefox-driver-3.141.59.jar:/Users/dinob/.m2/repository/org/seleniumhq/selenium/selenium-ie-driver/3.141.59/selenium-ie-driver-3.141.59.jar:/Users/dinob/.m2/repository/org/seleniumhq/selenium/selenium-opera-driver/3.141.59/selenium-opera-driver-3.141.59.jar:/Users/dinob/.m2/repository/org/seleniumhq/selenium/selenium-remote-driver/3.141.59/selenium-remote-driver-3.141.59.jar:/Users/dinob/.m2/repository/org/seleniumhq/selenium/selenium-safari-driver/3.141.59/selenium-safari-driver-3.141.59.jar:/Users/dinob/.m2/repository/org/seleniumhq/selenium/selenium-support/3.141.59/selenium-support-3.141.59.jar:/Users/dinob/.m2/repository/net/bytebuddy/byte-buddy/1.8.15/byte-buddy-1.8.15.jar:/Users/dinob/.m2/repository/org/apache/commons/commons-exec/1.3/commons-exec-1.3.jar:/Users/dinob/.m2/repository/com/google/guava/guava/25.0-jre/guava-25.0-jre.jar:/Users/dinob/.m2/repository/com/google/code/findbugs/jsr305/1.3.9/jsr305-1.3.9.jar:/Users/dinob/.m2/repository/org/checkerframework/checker-compat-qual/2.0.0/checker-compat-qual-2.0.0.jar:/Users/dinob/.m2/repository/com/google/errorprone/error_prone_annotations/2.1.3/error_prone_annotations-2.1.3.jar:/Users/dinob/.m2/repository/com/google/j2objc/j2objc-annotations/1.1/j2objc-annotations-1.1.jar:/Users/dinob/.m2/repository/org/codehaus/mojo/animal-sniffer-annotations/1.14/animal-sniffer-annotations-1.14.jar:/Users/dinob/.m2/repository/com/squareup/okhttp3/okhttp/3.11.0/okhttp-3.11.0.jar:/Users/dinob/.m2/repository/com/squareup/okio/okio/1.14.0/okio-1.14.0.jar:/Users/dinob/.m2/repository/junit/junit/4.12/junit-4.12.jar:/Library/Java/JavaVirtualMachines/jdk-11.0.8.jdk/Contents/Home/lib/tools.jar:/Users/dinob/.m2/repository/log4j/log4j/1.2.17/log4j-1.2.17.jar:"/>
    <property name="sun.cpu.endian" value="little"/>
    <property name="user.home" value="/Users/dinob"/>
    <property name="user.language" value="en"/>
    <property name="java.specification.vendor" value="Oracle Corporation"/>
    <property name="java.version.date" value="2020-07-14"/>
    <property name="java.home" value="/Library/Java/JavaVirtualMachines/jdk-11.0.8.jdk/Contents/Home"/>
    <property name="file.separator" value="/"/>
    <property name="basedir" value="/Users/dinob/Desktop/java-learning/selenium-cucumber-eclipse/nopCommerce_Cucumber"/>
    <property name="java.vm.compressedOopsMode" value="Zero based"/>
    <property name="line.separator" value="&#10;"/>
    <property name="java.specification.name" value="Java Platform API Specification"/>
    <property name="java.vm.specification.vendor" value="Oracle Corporation"/>
    <property name="java.awt.graphicsenv" value="sun.awt.CGraphicsEnvironment"/>
    <property name="surefire.real.class.path" value="/Users/dinob/Desktop/java-learning/selenium-cucumber-eclipse/nopCommerce_Cucumber/target/surefire/surefirebooter10478287315572318603.jar"/>
    <property name="sun.management.compiler" value="HotSpot 64-Bit Tiered Compilers"/>
    <property name="ftp.nonProxyHosts" value="local|*.local|169.254/16|*.169.254/16"/>
    <property name="java.runtime.version" value="11.0.8+10-LTS"/>
    <property name="user.name" value="dinob"/>
    <property name="path.separator" value=":"/>
    <property name="os.version" value="10.15.5"/>
    <property name="java.runtime.name" value="Java(TM) SE Runtime Environment"/>
    <property name="file.encoding" value="UTF-8"/>
    <property name="java.vm.name" value="Java HotSpot(TM) 64-Bit Server VM"/>
    <property name="java.vendor.version" value="18.9"/>
    <property name="localRepository" value="/Users/dinob/.m2/repository"/>
    <property name="java.vendor.url.bug" value="https://bugreport.java.com/bugreport/"/>
    <property name="java.io.tmpdir" value="/var/folders/hk/cmrtt5m573j01lm46hhrwr200000gn/T/"/>
    <property name="java.version" value="11.0.8"/>
    <property name="user.dir" value="/Users/dinob/Desktop/java-learning/selenium-cucumber-eclipse/nopCommerce_Cucumber"/>
    <property name="os.arch" value="x86_64"/>
    <property name="java.vm.specification.name" value="Java Virtual Machine Specification"/>
    <property name="java.awt.printerjob" value="sun.lwawt.macosx.CPrinterJob"/>
    <property name="sun.os.patch.level" value="unknown"/>
    <property name="java.library.path" value="/Users/dinob/Library/Java/Extensions:/Library/Java/Extensions:/Network/Library/Java/Extensions:/System/Library/Java/Extensions:/usr/lib/java:."/>
    <property name="java.vendor" value="Oracle Corporation"/>
    <property name="java.vm.info" value="mixed mode"/>
    <property name="java.vm.version" value="11.0.8+10-LTS"/>
    <property name="sun.io.unicode.encoding" value="UnicodeBig"/>
    <property name="java.class.version" value="55.0"/>
    <property name="socksNonProxyHosts" value="local|*.local|169.254/16|*.169.254/16"/>
  </properties>
  <testcase name="Search Customer by Name" classname="Customers" time="17.728"/>
</testsuite>